[debug] [2025-02-24T23:10:03.995Z] ----------------------------------------------------------------------
[debug] [2025-02-24T23:10:03.997Z] Command:       C:\Program Files\nodejs\node.exe C:\Users\hackerman\AppData\Roaming\npm\node_modules\firebase-tools\lib\bin\firebase.js emulators:start
[debug] [2025-02-24T23:10:03.998Z] CLI Version:   13.31.2
[debug] [2025-02-24T23:10:03.998Z] Platform:      win32
[debug] [2025-02-24T23:10:03.998Z] Node Version:  v22.14.0
[debug] [2025-02-24T23:10:03.998Z] Time:          Mon Feb 24 2025 20:10:03 GMT-0300 (hora de verano de Chile)
[debug] [2025-02-24T23:10:03.998Z] ----------------------------------------------------------------------
[debug] 
[debug] [2025-02-24T23:10:04.284Z] > command requires scopes: ["email","openid","https://www.googleapis.com/auth/cloudplatformprojects.readonly","https://www.googleapis.com/auth/firebase","https://www.googleapis.com/auth/cloud-platform"]
[debug] [2025-02-24T23:10:04.285Z] > authorizing via signed-in user (cragyucsgamero@gmail.com)
[info] i  emulators: Starting emulators: functions, extensions {"metadata":{"emulator":{"name":"hub"},"message":"Starting emulators: functions, extensions"}}
[debug] [2025-02-24T23:10:04.289Z] Checked if tokens are valid: true, expires at: 1740440674231
[debug] [2025-02-24T23:10:04.289Z] Checked if tokens are valid: true, expires at: 1740440674231
[debug] [2025-02-24T23:10:04.290Z] >>> [apiv2][query] GET https://cloudresourcemanager.googleapis.com/v1/projects/elobooststore [none]
[debug] [2025-02-24T23:10:05.262Z] <<< [apiv2][status] GET https://cloudresourcemanager.googleapis.com/v1/projects/elobooststore 200
[debug] [2025-02-24T23:10:05.263Z] <<< [apiv2][body] GET https://cloudresourcemanager.googleapis.com/v1/projects/elobooststore {"projectNumber":"658754041291","projectId":"elobooststore","lifecycleState":"ACTIVE","name":"EloboostStore","labels":{"firebase":"enabled","firebase-core":"disabled"},"createTime":"2025-02-20T22:46:16.797235Z"}
[debug] [2025-02-24T23:10:05.272Z] [logging] Logging Emulator only supports listening on one address (127.0.0.1). Not listening on ::1
[debug] [2025-02-24T23:10:05.272Z] assigned listening specs for emulators {"user":{"hub":[{"address":"127.0.0.1","family":"IPv4","port":4400},{"address":"::1","family":"IPv6","port":4400}],"ui":[{"address":"127.0.0.1","family":"IPv4","port":4000},{"address":"::1","family":"IPv6","port":4000}],"logging":[{"address":"127.0.0.1","family":"IPv4","port":4500}]},"metadata":{"message":"assigned listening specs for emulators"}}
[debug] [2025-02-24T23:10:05.279Z] [hub] writing locator at C:\Users\HACKER~1\AppData\Local\Temp\hub-elobooststore.json
[debug] [2025-02-24T23:10:05.285Z] [Extensions] Started Extensions emulator, this is a noop.
[debug] [2025-02-24T23:10:05.290Z] [functions] Functions Emulator only supports listening on one address (127.0.0.1). Not listening on ::1
[debug] [2025-02-24T23:10:05.290Z] [eventarc] Eventarc Emulator only supports listening on one address (127.0.0.1). Not listening on ::1
[debug] [2025-02-24T23:10:05.290Z] [tasks] Cloud Tasks Emulator only supports listening on one address (127.0.0.1). Not listening on ::1
[debug] [2025-02-24T23:10:05.290Z] late-assigned ports for functions and eventarc emulators {"user":{"hub":[{"address":"127.0.0.1","family":"IPv4","port":4400},{"address":"::1","family":"IPv6","port":4400}],"ui":[{"address":"127.0.0.1","family":"IPv4","port":4000},{"address":"::1","family":"IPv6","port":4000}],"logging":[{"address":"127.0.0.1","family":"IPv4","port":4500}],"functions":[{"address":"127.0.0.1","family":"IPv4","port":5001}],"eventarc":[{"address":"127.0.0.1","family":"IPv4","port":9299}],"tasks":[{"address":"127.0.0.1","family":"IPv4","port":9499}]},"metadata":{"message":"late-assigned ports for functions and eventarc emulators"}}
[warn] !  functions: The following emulators are not running, calls to these services from the Functions emulator will affect production: apphosting, auth, firestore, database, hosting, pubsub, storage, dataconnect {"metadata":{"emulator":{"name":"functions"},"message":"The following emulators are not running, calls to these services from the Functions emulator will affect production: \u001b[1mapphosting, auth, firestore, database, hosting, pubsub, storage, dataconnect\u001b[22m"}}
[debug] [2025-02-24T23:10:05.295Z] defaultcredentials: writing to file C:\Users\hackerman\AppData\Roaming\firebase\cragyucsgamero_gmail_com_application_default_credentials.json
[debug] [2025-02-24T23:10:05.297Z] Setting GAC to C:\Users\hackerman\AppData\Roaming\firebase\cragyucsgamero_gmail_com_application_default_credentials.json {"metadata":{"emulator":{"name":"functions"},"message":"Setting GAC to C:\\Users\\hackerman\\AppData\\Roaming\\firebase\\cragyucsgamero_gmail_com_application_default_credentials.json"}}
[debug] [2025-02-24T23:10:05.298Z] Checked if tokens are valid: true, expires at: 1740440674231
[debug] [2025-02-24T23:10:05.298Z] Checked if tokens are valid: true, expires at: 1740440674231
[debug] [2025-02-24T23:10:05.298Z] >>> [apiv2][query] GET https://firebase.googleapis.com/v1beta1/projects/elobooststore/adminSdkConfig [none]
[debug] [2025-02-24T23:10:05.675Z] <<< [apiv2][status] GET https://firebase.googleapis.com/v1beta1/projects/elobooststore/adminSdkConfig 200
[debug] [2025-02-24T23:10:05.675Z] <<< [apiv2][body] GET https://firebase.googleapis.com/v1beta1/projects/elobooststore/adminSdkConfig {"projectId":"elobooststore","storageBucket":"elobooststore.firebasestorage.app"}
[info] i  ui: downloading ui-v1.14.0.zip... {"metadata":{"emulator":{"name":"ui"},"message":"downloading ui-v1.14.0.zip..."}}
[debug] [2025-02-24T23:10:05.711Z] >>> [apiv2][query] GET https://storage.googleapis.com/firebase-preview-drop/emulator/ui-v1.14.0.zip 
[debug] [2025-02-24T23:10:05.917Z] <<< [apiv2][status] GET https://storage.googleapis.com/firebase-preview-drop/emulator/ui-v1.14.0.zip 200
[debug] [2025-02-24T23:10:05.917Z] <<< [apiv2][body] GET https://storage.googleapis.com/firebase-preview-drop/emulator/ui-v1.14.0.zip [stream]
[debug] [2025-02-24T23:10:06.101Z] Data is 3615311
[debug] [2025-02-24T23:10:06.101Z] [unzip] Entry: client/ (compressed_size=0 bytes, uncompressed_size=0 bytes)
[debug] [2025-02-24T23:10:06.101Z] [unzip] Processing entry: client\
[debug] [2025-02-24T23:10:06.101Z] [unzip] mkdir: C:\Users\hackerman\.cache\firebase\emulators\ui-v1.14.0\client\
[debug] [2025-02-24T23:10:06.102Z] [unzip] Entry: client/favicon-16x16.png (compressed_size=293 bytes, uncompressed_size=293 bytes)
[debug] [2025-02-24T23:10:06.102Z] [unzip] Processing entry: client\favicon-16x16.png
[debug] [2025-02-24T23:10:06.102Z] [unzip] else mkdir: C:\Users\hackerman\.cache\firebase\emulators\ui-v1.14.0\client
[debug] [2025-02-24T23:10:06.102Z] [unzip] Writing file: C:\Users\hackerman\.cache\firebase\emulators\ui-v1.14.0\client\favicon-16x16.png
[debug] [2025-02-24T23:10:06.103Z] [unzip] Entry: client/safari-pinned-tab.svg (compressed_size=1433 bytes, uncompressed_size=2611 bytes)
[debug] [2025-02-24T23:10:06.103Z] [unzip] Processing entry: client\safari-pinned-tab.svg
[debug] [2025-02-24T23:10:06.103Z] [unzip] else mkdir: C:\Users\hackerman\.cache\firebase\emulators\ui-v1.14.0\client
[debug] [2025-02-24T23:10:06.104Z] [unzip] deflating: C:\Users\hackerman\.cache\firebase\emulators\ui-v1.14.0\client\safari-pinned-tab.svg
[debug] [2025-02-24T23:10:06.107Z] [unzip] Entry: client/favicon.ico (compressed_size=2933 bytes, uncompressed_size=13294 bytes)
[debug] [2025-02-24T23:10:06.107Z] [unzip] Processing entry: client\favicon.ico
[debug] [2025-02-24T23:10:06.107Z] [unzip] else mkdir: C:\Users\hackerman\.cache\firebase\emulators\ui-v1.14.0\client
[debug] [2025-02-24T23:10:06.107Z] [unzip] deflating: C:\Users\hackerman\.cache\firebase\emulators\ui-v1.14.0\client\favicon.ico
[debug] [2025-02-24T23:10:06.108Z] [unzip] Entry: client/index.html (compressed_size=1363 bytes, uncompressed_size=3071 bytes)
[debug] [2025-02-24T23:10:06.108Z] [unzip] Processing entry: client\index.html
[debug] [2025-02-24T23:10:06.108Z] [unzip] else mkdir: C:\Users\hackerman\.cache\firebase\emulators\ui-v1.14.0\client
[debug] [2025-02-24T23:10:06.108Z] [unzip] deflating: C:\Users\hackerman\.cache\firebase\emulators\ui-v1.14.0\client\index.html
[debug] [2025-02-24T23:10:06.110Z] [unzip] Entry: client/android-chrome-192x192.png (compressed_size=2684 bytes, uncompressed_size=2684 bytes)
[debug] [2025-02-24T23:10:06.110Z] [unzip] Processing entry: client\android-chrome-192x192.png
[debug] [2025-02-24T23:10:06.110Z] [unzip] else mkdir: C:\Users\hackerman\.cache\firebase\emulators\ui-v1.14.0\client
[debug] [2025-02-24T23:10:06.110Z] [unzip] Writing file: C:\Users\hackerman\.cache\firebase\emulators\ui-v1.14.0\client\android-chrome-192x192.png
[debug] [2025-02-24T23:10:06.111Z] [unzip] Entry: client/apple-touch-icon.png (compressed_size=2123 bytes, uncompressed_size=2152 bytes)
[debug] [2025-02-24T23:10:06.111Z] [unzip] Processing entry: client\apple-touch-icon.png
[debug] [2025-02-24T23:10:06.111Z] [unzip] else mkdir: C:\Users\hackerman\.cache\firebase\emulators\ui-v1.14.0\client
[debug] [2025-02-24T23:10:06.111Z] [unzip] deflating: C:\Users\hackerman\.cache\firebase\emulators\ui-v1.14.0\client\apple-touch-icon.png
[debug] [2025-02-24T23:10:06.112Z] [unzip] Entry: client/android-chrome-512x512.png (compressed_size=5369 bytes, uncompressed_size=5411 bytes)
[debug] [2025-02-24T23:10:06.112Z] [unzip] Processing entry: client\android-chrome-512x512.png
[debug] [2025-02-24T23:10:06.112Z] [unzip] else mkdir: C:\Users\hackerman\.cache\firebase\emulators\ui-v1.14.0\client
[debug] [2025-02-24T23:10:06.112Z] [unzip] deflating: C:\Users\hackerman\.cache\firebase\emulators\ui-v1.14.0\client\android-chrome-512x512.png
[debug] [2025-02-24T23:10:06.113Z] [unzip] Entry: client/manifest.json (compressed_size=245 bytes, uncompressed_size=551 bytes)
[debug] [2025-02-24T23:10:06.113Z] [unzip] Processing entry: client\manifest.json
[debug] [2025-02-24T23:10:06.113Z] [unzip] else mkdir: C:\Users\hackerman\.cache\firebase\emulators\ui-v1.14.0\client
[debug] [2025-02-24T23:10:06.114Z] [unzip] deflating: C:\Users\hackerman\.cache\firebase\emulators\ui-v1.14.0\client\manifest.json
[debug] [2025-02-24T23:10:06.114Z] [unzip] Entry: client/robots.txt (compressed_size=26 bytes, uncompressed_size=26 bytes)
[debug] [2025-02-24T23:10:06.115Z] [unzip] Processing entry: client\robots.txt
[debug] [2025-02-24T23:10:06.115Z] [unzip] else mkdir: C:\Users\hackerman\.cache\firebase\emulators\ui-v1.14.0\client
[debug] [2025-02-24T23:10:06.115Z] [unzip] Writing file: C:\Users\hackerman\.cache\firebase\emulators\ui-v1.14.0\client\robots.txt
[debug] [2025-02-24T23:10:06.115Z] [unzip] Entry: client/mstile-150x150.png (compressed_size=2034 bytes, uncompressed_size=2034 bytes)
[debug] [2025-02-24T23:10:06.115Z] [unzip] Processing entry: client\mstile-150x150.png
[debug] [2025-02-24T23:10:06.115Z] [unzip] else mkdir: C:\Users\hackerman\.cache\firebase\emulators\ui-v1.14.0\client
[debug] [2025-02-24T23:10:06.116Z] [unzip] Writing file: C:\Users\hackerman\.cache\firebase\emulators\ui-v1.14.0\client\mstile-150x150.png
[debug] [2025-02-24T23:10:06.116Z] [unzip] Entry: client/assets/ (compressed_size=0 bytes, uncompressed_size=0 bytes)
[debug] [2025-02-24T23:10:06.116Z] [unzip] Processing entry: client\assets\
[debug] [2025-02-24T23:10:06.116Z] [unzip] mkdir: C:\Users\hackerman\.cache\firebase\emulators\ui-v1.14.0\client\assets\
[debug] [2025-02-24T23:10:06.117Z] [unzip] Entry: client/assets/index-ClZTY_JS.js.map (compressed_size=2328270 bytes, uncompressed_size=9947004 bytes)
[debug] [2025-02-24T23:10:06.117Z] [unzip] Processing entry: client\assets\index-ClZTY_JS.js.map
[debug] [2025-02-24T23:10:06.117Z] [unzip] else mkdir: C:\Users\hackerman\.cache\firebase\emulators\ui-v1.14.0\client\assets
[debug] [2025-02-24T23:10:06.117Z] [unzip] deflating: C:\Users\hackerman\.cache\firebase\emulators\ui-v1.14.0\client\assets\index-ClZTY_JS.js.map
[debug] [2025-02-24T23:10:06.157Z] [unzip] Entry: client/assets/index-ClZTY_JS.js (compressed_size=567195 bytes, uncompressed_size=2035940 bytes)
[debug] [2025-02-24T23:10:06.157Z] [unzip] Processing entry: client\assets\index-ClZTY_JS.js
[debug] [2025-02-24T23:10:06.157Z] [unzip] else mkdir: C:\Users\hackerman\.cache\firebase\emulators\ui-v1.14.0\client\assets
[debug] [2025-02-24T23:10:06.157Z] [unzip] deflating: C:\Users\hackerman\.cache\firebase\emulators\ui-v1.14.0\client\assets\index-ClZTY_JS.js
[debug] [2025-02-24T23:10:06.168Z] [unzip] Entry: client/assets/index-BdgySamB.css (compressed_size=35979 bytes, uncompressed_size=298654 bytes)
[debug] [2025-02-24T23:10:06.168Z] [unzip] Processing entry: client\assets\index-BdgySamB.css
[debug] [2025-02-24T23:10:06.168Z] [unzip] else mkdir: C:\Users\hackerman\.cache\firebase\emulators\ui-v1.14.0\client\assets
[debug] [2025-02-24T23:10:06.168Z] [unzip] deflating: C:\Users\hackerman\.cache\firebase\emulators\ui-v1.14.0\client\assets\index-BdgySamB.css
[debug] [2025-02-24T23:10:06.171Z] [unzip] Entry: client/assets/extensions/ (compressed_size=0 bytes, uncompressed_size=0 bytes)
[debug] [2025-02-24T23:10:06.171Z] [unzip] Processing entry: client\assets\extensions\
[debug] [2025-02-24T23:10:06.171Z] [unzip] mkdir: C:\Users\hackerman\.cache\firebase\emulators\ui-v1.14.0\client\assets\extensions\
[debug] [2025-02-24T23:10:06.171Z] [unzip] Entry: client/assets/extensions/default-extension.png (compressed_size=1646 bytes, uncompressed_size=1657 bytes)
[debug] [2025-02-24T23:10:06.171Z] [unzip] Processing entry: client\assets\extensions\default-extension.png
[debug] [2025-02-24T23:10:06.171Z] [unzip] else mkdir: C:\Users\hackerman\.cache\firebase\emulators\ui-v1.14.0\client\assets\extensions
[debug] [2025-02-24T23:10:06.172Z] [unzip] deflating: C:\Users\hackerman\.cache\firebase\emulators\ui-v1.14.0\client\assets\extensions\default-extension.png
[debug] [2025-02-24T23:10:06.173Z] [unzip] Entry: client/assets/img/ (compressed_size=0 bytes, uncompressed_size=0 bytes)
[debug] [2025-02-24T23:10:06.173Z] [unzip] Processing entry: client\assets\img\
[debug] [2025-02-24T23:10:06.173Z] [unzip] mkdir: C:\Users\hackerman\.cache\firebase\emulators\ui-v1.14.0\client\assets\img\
[debug] [2025-02-24T23:10:06.173Z] [unzip] Entry: client/assets/img/database.png (compressed_size=29449 bytes, uncompressed_size=29988 bytes)
[debug] [2025-02-24T23:10:06.173Z] [unzip] Processing entry: client\assets\img\database.png
[debug] [2025-02-24T23:10:06.173Z] [unzip] else mkdir: C:\Users\hackerman\.cache\firebase\emulators\ui-v1.14.0\client\assets\img
[debug] [2025-02-24T23:10:06.174Z] [unzip] deflating: C:\Users\hackerman\.cache\firebase\emulators\ui-v1.14.0\client\assets\img\database.png
[debug] [2025-02-24T23:10:06.174Z] [unzip] Entry: client/assets/provider-icons/ (compressed_size=0 bytes, uncompressed_size=0 bytes)
[debug] [2025-02-24T23:10:06.174Z] [unzip] Processing entry: client\assets\provider-icons\
[debug] [2025-02-24T23:10:06.174Z] [unzip] mkdir: C:\Users\hackerman\.cache\firebase\emulators\ui-v1.14.0\client\assets\provider-icons\
[debug] [2025-02-24T23:10:06.175Z] [unzip] Entry: client/assets/provider-icons/auth_service_saml.svg (compressed_size=575 bytes, uncompressed_size=1226 bytes)
[debug] [2025-02-24T23:10:06.175Z] [unzip] Processing entry: client\assets\provider-icons\auth_service_saml.svg
[debug] [2025-02-24T23:10:06.175Z] [unzip] else mkdir: C:\Users\hackerman\.cache\firebase\emulators\ui-v1.14.0\client\assets\provider-icons
[debug] [2025-02-24T23:10:06.175Z] [unzip] deflating: C:\Users\hackerman\.cache\firebase\emulators\ui-v1.14.0\client\assets\provider-icons\auth_service_saml.svg
[debug] [2025-02-24T23:10:06.176Z] [unzip] Entry: client/assets/provider-icons/auth_service_phone.svg (compressed_size=261 bytes, uncompressed_size=414 bytes)
[debug] [2025-02-24T23:10:06.176Z] [unzip] Processing entry: client\assets\provider-icons\auth_service_phone.svg
[debug] [2025-02-24T23:10:06.176Z] [unzip] else mkdir: C:\Users\hackerman\.cache\firebase\emulators\ui-v1.14.0\client\assets\provider-icons
[debug] [2025-02-24T23:10:06.176Z] [unzip] deflating: C:\Users\hackerman\.cache\firebase\emulators\ui-v1.14.0\client\assets\provider-icons\auth_service_phone.svg
[debug] [2025-02-24T23:10:06.177Z] [unzip] Entry: client/assets/provider-icons/auth_service_facebook.svg (compressed_size=289 bytes, uncompressed_size=457 bytes)
[debug] [2025-02-24T23:10:06.177Z] [unzip] Processing entry: client\assets\provider-icons\auth_service_facebook.svg
[debug] [2025-02-24T23:10:06.177Z] [unzip] else mkdir: C:\Users\hackerman\.cache\firebase\emulators\ui-v1.14.0\client\assets\provider-icons
[debug] [2025-02-24T23:10:06.177Z] [unzip] deflating: C:\Users\hackerman\.cache\firebase\emulators\ui-v1.14.0\client\assets\provider-icons\auth_service_facebook.svg
[debug] [2025-02-24T23:10:06.178Z] [unzip] Entry: client/assets/provider-icons/auth_service_game_center.svg (compressed_size=991 bytes, uncompressed_size=3921 bytes)
[debug] [2025-02-24T23:10:06.178Z] [unzip] Processing entry: client\assets\provider-icons\auth_service_game_center.svg
[debug] [2025-02-24T23:10:06.178Z] [unzip] else mkdir: C:\Users\hackerman\.cache\firebase\emulators\ui-v1.14.0\client\assets\provider-icons
[debug] [2025-02-24T23:10:06.178Z] [unzip] deflating: C:\Users\hackerman\.cache\firebase\emulators\ui-v1.14.0\client\assets\provider-icons\auth_service_game_center.svg
[debug] [2025-02-24T23:10:06.179Z] [unzip] Entry: client/assets/provider-icons/auth_service_apple.svg (compressed_size=230 bytes, uncompressed_size=334 bytes)
[debug] [2025-02-24T23:10:06.179Z] [unzip] Processing entry: client\assets\provider-icons\auth_service_apple.svg
[debug] [2025-02-24T23:10:06.179Z] [unzip] else mkdir: C:\Users\hackerman\.cache\firebase\emulators\ui-v1.14.0\client\assets\provider-icons
[debug] [2025-02-24T23:10:06.180Z] [unzip] deflating: C:\Users\hackerman\.cache\firebase\emulators\ui-v1.14.0\client\assets\provider-icons\auth_service_apple.svg
[debug] [2025-02-24T23:10:06.180Z] [unzip] Entry: client/assets/provider-icons/auth_service_github.svg (compressed_size=466 bytes, uncompressed_size=838 bytes)
[debug] [2025-02-24T23:10:06.180Z] [unzip] Processing entry: client\assets\provider-icons\auth_service_github.svg
[debug] [2025-02-24T23:10:06.180Z] [unzip] else mkdir: C:\Users\hackerman\.cache\firebase\emulators\ui-v1.14.0\client\assets\provider-icons
[debug] [2025-02-24T23:10:06.181Z] [unzip] deflating: C:\Users\hackerman\.cache\firebase\emulators\ui-v1.14.0\client\assets\provider-icons\auth_service_github.svg
[debug] [2025-02-24T23:10:06.181Z] [unzip] Entry: client/assets/provider-icons/auth_service_mslive.svg (compressed_size=203 bytes, uncompressed_size=378 bytes)
[debug] [2025-02-24T23:10:06.181Z] [unzip] Processing entry: client\assets\provider-icons\auth_service_mslive.svg
[debug] [2025-02-24T23:10:06.182Z] [unzip] else mkdir: C:\Users\hackerman\.cache\firebase\emulators\ui-v1.14.0\client\assets\provider-icons
[debug] [2025-02-24T23:10:06.182Z] [unzip] deflating: C:\Users\hackerman\.cache\firebase\emulators\ui-v1.14.0\client\assets\provider-icons\auth_service_mslive.svg
[debug] [2025-02-24T23:10:06.182Z] [unzip] Entry: client/assets/provider-icons/auth_service_yahoo.svg (compressed_size=577 bytes, uncompressed_size=1182 bytes)
[debug] [2025-02-24T23:10:06.182Z] [unzip] Processing entry: client\assets\provider-icons\auth_service_yahoo.svg
[debug] [2025-02-24T23:10:06.182Z] [unzip] else mkdir: C:\Users\hackerman\.cache\firebase\emulators\ui-v1.14.0\client\assets\provider-icons
[debug] [2025-02-24T23:10:06.183Z] [unzip] deflating: C:\Users\hackerman\.cache\firebase\emulators\ui-v1.14.0\client\assets\provider-icons\auth_service_yahoo.svg
[debug] [2025-02-24T23:10:06.183Z] [unzip] Entry: client/assets/provider-icons/auth_service_twitter.svg (compressed_size=444 bytes, uncompressed_size=751 bytes)
[debug] [2025-02-24T23:10:06.183Z] [unzip] Processing entry: client\assets\provider-icons\auth_service_twitter.svg
[debug] [2025-02-24T23:10:06.183Z] [unzip] else mkdir: C:\Users\hackerman\.cache\firebase\emulators\ui-v1.14.0\client\assets\provider-icons
[debug] [2025-02-24T23:10:06.184Z] [unzip] deflating: C:\Users\hackerman\.cache\firebase\emulators\ui-v1.14.0\client\assets\provider-icons\auth_service_twitter.svg
[debug] [2025-02-24T23:10:06.184Z] [unzip] Entry: client/assets/provider-icons/auth_service_play_games.svg (compressed_size=565 bytes, uncompressed_size=1173 bytes)
[debug] [2025-02-24T23:10:06.184Z] [unzip] Processing entry: client\assets\provider-icons\auth_service_play_games.svg
[debug] [2025-02-24T23:10:06.184Z] [unzip] else mkdir: C:\Users\hackerman\.cache\firebase\emulators\ui-v1.14.0\client\assets\provider-icons
[debug] [2025-02-24T23:10:06.185Z] [unzip] deflating: C:\Users\hackerman\.cache\firebase\emulators\ui-v1.14.0\client\assets\provider-icons\auth_service_play_games.svg
[debug] [2025-02-24T23:10:06.185Z] [unzip] Entry: client/assets/provider-icons/auth_service_email.svg (compressed_size=228 bytes, uncompressed_size=326 bytes)
[debug] [2025-02-24T23:10:06.185Z] [unzip] Processing entry: client\assets\provider-icons\auth_service_email.svg
[debug] [2025-02-24T23:10:06.185Z] [unzip] else mkdir: C:\Users\hackerman\.cache\firebase\emulators\ui-v1.14.0\client\assets\provider-icons
[debug] [2025-02-24T23:10:06.186Z] [unzip] deflating: C:\Users\hackerman\.cache\firebase\emulators\ui-v1.14.0\client\assets\provider-icons\auth_service_email.svg
[debug] [2025-02-24T23:10:06.187Z] [unzip] Entry: client/assets/provider-icons/auth_service_google.svg (compressed_size=409 bytes, uncompressed_size=720 bytes)
[debug] [2025-02-24T23:10:06.187Z] [unzip] Processing entry: client\assets\provider-icons\auth_service_google.svg
[debug] [2025-02-24T23:10:06.187Z] [unzip] else mkdir: C:\Users\hackerman\.cache\firebase\emulators\ui-v1.14.0\client\assets\provider-icons
[debug] [2025-02-24T23:10:06.187Z] [unzip] deflating: C:\Users\hackerman\.cache\firebase\emulators\ui-v1.14.0\client\assets\provider-icons\auth_service_google.svg
[debug] [2025-02-24T23:10:06.188Z] [unzip] Entry: client/assets/provider-icons/auth_service_oidc.svg (compressed_size=414 bytes, uncompressed_size=858 bytes)
[debug] [2025-02-24T23:10:06.188Z] [unzip] Processing entry: client\assets\provider-icons\auth_service_oidc.svg
[debug] [2025-02-24T23:10:06.188Z] [unzip] else mkdir: C:\Users\hackerman\.cache\firebase\emulators\ui-v1.14.0\client\assets\provider-icons
[debug] [2025-02-24T23:10:06.191Z] [unzip] deflating: C:\Users\hackerman\.cache\firebase\emulators\ui-v1.14.0\client\assets\provider-icons\auth_service_oidc.svg
[debug] [2025-02-24T23:10:06.192Z] [unzip] Entry: client/browserconfig.xml (compressed_size=491 bytes, uncompressed_size=822 bytes)
[debug] [2025-02-24T23:10:06.192Z] [unzip] Processing entry: client\browserconfig.xml
[debug] [2025-02-24T23:10:06.192Z] [unzip] else mkdir: C:\Users\hackerman\.cache\firebase\emulators\ui-v1.14.0\client
[debug] [2025-02-24T23:10:06.192Z] [unzip] deflating: C:\Users\hackerman\.cache\firebase\emulators\ui-v1.14.0\client\browserconfig.xml
[debug] [2025-02-24T23:10:06.193Z] [unzip] Entry: client/favicon-32x32.png (compressed_size=475 bytes, uncompressed_size=475 bytes)
[debug] [2025-02-24T23:10:06.193Z] [unzip] Processing entry: client\favicon-32x32.png
[debug] [2025-02-24T23:10:06.193Z] [unzip] else mkdir: C:\Users\hackerman\.cache\firebase\emulators\ui-v1.14.0\client
[debug] [2025-02-24T23:10:06.194Z] [unzip] Writing file: C:\Users\hackerman\.cache\firebase\emulators\ui-v1.14.0\client\favicon-32x32.png
[debug] [2025-02-24T23:10:06.194Z] [unzip] Entry: server/ (compressed_size=0 bytes, uncompressed_size=0 bytes)
[debug] [2025-02-24T23:10:06.194Z] [unzip] Processing entry: server\
[debug] [2025-02-24T23:10:06.194Z] [unzip] mkdir: C:\Users\hackerman\.cache\firebase\emulators\ui-v1.14.0\server\
[debug] [2025-02-24T23:10:06.194Z] [unzip] Entry: server/server.mjs.map (compressed_size=296496 bytes, uncompressed_size=1355667 bytes)
[debug] [2025-02-24T23:10:06.195Z] [unzip] Processing entry: server\server.mjs.map
[debug] [2025-02-24T23:10:06.195Z] [unzip] else mkdir: C:\Users\hackerman\.cache\firebase\emulators\ui-v1.14.0\server
[debug] [2025-02-24T23:10:06.195Z] [unzip] deflating: C:\Users\hackerman\.cache\firebase\emulators\ui-v1.14.0\server\server.mjs.map
[debug] [2025-02-24T23:10:06.202Z] [unzip] Entry: server/server.mjs (compressed_size=315701 bytes, uncompressed_size=1172682 bytes)
[debug] [2025-02-24T23:10:06.202Z] [unzip] Processing entry: server\server.mjs
[debug] [2025-02-24T23:10:06.202Z] [unzip] else mkdir: C:\Users\hackerman\.cache\firebase\emulators\ui-v1.14.0\server
[debug] [2025-02-24T23:10:06.203Z] [unzip] deflating: C:\Users\hackerman\.cache\firebase\emulators\ui-v1.14.0\server\server.mjs
[debug] [2025-02-24T23:10:06.208Z] [unzip] Entry: server/assets/ (compressed_size=0 bytes, uncompressed_size=0 bytes)
[debug] [2025-02-24T23:10:06.208Z] [unzip] Processing entry: server\assets\
[debug] [2025-02-24T23:10:06.208Z] [unzip] mkdir: C:\Users\hackerman\.cache\firebase\emulators\ui-v1.14.0\server\assets\
[debug] [2025-02-24T23:10:06.209Z] [unzip] Entry: server/assets/multipart-parser-DGCUZdXu.mjs.map (compressed_size=4791 bytes, uncompressed_size=17918 bytes)
[debug] [2025-02-24T23:10:06.209Z] [unzip] Processing entry: server\assets\multipart-parser-DGCUZdXu.mjs.map
[debug] [2025-02-24T23:10:06.209Z] [unzip] else mkdir: C:\Users\hackerman\.cache\firebase\emulators\ui-v1.14.0\server\assets
[debug] [2025-02-24T23:10:06.209Z] [unzip] deflating: C:\Users\hackerman\.cache\firebase\emulators\ui-v1.14.0\server\assets\multipart-parser-DGCUZdXu.mjs.map
[debug] [2025-02-24T23:10:06.210Z] [unzip] Entry: server/assets/multipart-parser-DGCUZdXu.mjs (compressed_size=2621 bytes, uncompressed_size=10390 bytes)
[debug] [2025-02-24T23:10:06.210Z] [unzip] Processing entry: server\assets\multipart-parser-DGCUZdXu.mjs
[debug] [2025-02-24T23:10:06.210Z] [unzip] else mkdir: C:\Users\hackerman\.cache\firebase\emulators\ui-v1.14.0\server\assets
[debug] [2025-02-24T23:10:06.210Z] [unzip] deflating: C:\Users\hackerman\.cache\firebase\emulators\ui-v1.14.0\server\assets\multipart-parser-DGCUZdXu.mjs
[debug] [2025-02-24T23:10:06.213Z] [Extensions] Connecting Extensions emulator, this is a noop.
[info] i  functions: Watching "C:\Users\hackerman\Documents\Proyectos\mi-proyecto\functions" for Cloud Functions... {"metadata":{"emulator":{"name":"functions"},"message":"Watching \"C:\\Users\\hackerman\\Documents\\Proyectos\\mi-proyecto\\functions\" for Cloud Functions..."}}
[debug] [2025-02-24T23:10:06.223Z] Validating nodejs source
[debug] [2025-02-24T23:10:07.218Z] > [functions] package.json contents: {
  "name": "functions",
  "description": "Cloud Functions for Firebase",
  "scripts": {
    "lint": "echo \"Warning: ESLint check skipped\" && exit 0",
    "serve": "firebase emulators:start --only functions",
    "shell": "firebase functions:shell",
    "start": "npm run shell",
    "deploy": "firebase deploy --only functions",
    "logs": "firebase functions:log"
  },
  "engines": {
    "node": "22"
  },
  "main": "index.js",
  "dependencies": {
    "axios": "^1.7.9",
    "crypto": "^1.0.1",
    "firebase-admin": "^13.1.0",
    "firebase-functions": "^6.3.2"
  },
  "devDependencies": {
    "eslint": "^8.15.0",
    "eslint-config-google": "^0.14.0",
    "firebase-functions-test": "^3.1.0"
  },
  "private": true
}
[debug] [2025-02-24T23:10:07.218Z] Building nodejs source
[debug] [2025-02-24T23:10:07.218Z] Failed to find version of module node: reached end of search path C:\Users\hackerman\Documents\Proyectos\mi-proyecto\functions\node_modules
[info] +  functions: Using node@22 from host. 
[debug] [2025-02-24T23:10:07.220Z] Could not find functions.yaml. Must use http discovery
[debug] [2025-02-24T23:10:07.226Z] Found firebase-functions binary at 'C:\Users\hackerman\Documents\Proyectos\mi-proyecto\functions\node_modules\.bin\firebase-functions'
[info] Serving at port 8767

[debug] [2025-02-24T23:10:07.939Z] Got response from /__/functions.yaml {"endpoints":{"createFlowPayment":{"availableMemoryMb":null,"timeoutSeconds":null,"minInstances":null,"maxInstances":null,"ingressSettings":null,"concurrency":null,"serviceAccountEmail":null,"vpc":null,"platform":"gcfv2","secretEnvironmentVariables":[{"key":"FLOW_API_KEY"},{"key":"FLOW_SECRET_KEY"}],"labels":{},"callableTrigger":{},"entryPoint":"createFlowPayment"},"flowConfirmation":{"availableMemoryMb":null,"timeoutSeconds":null,"minInstances":null,"maxInstances":null,"ingressSettings":null,"concurrency":null,"serviceAccountEmail":null,"vpc":null,"platform":"gcfv2","secretEnvironmentVariables":[{"key":"FLOW_API_KEY"},{"key":"FLOW_SECRET_KEY"}],"labels":{},"httpsTrigger":{},"entryPoint":"flowConfirmation"},"checkPaymentStatus":{"availableMemoryMb":null,"timeoutSeconds":null,"minInstances":null,"maxInstances":null,"ingressSettings":null,"concurrency":null,"serviceAccountEmail":null,"vpc":null,"platform":"gcfv2","secretEnvironmentVariables":[{"key":"FLOW_API_KEY"},{"key":"FLOW_SECRET_KEY"}],"labels":{},"callableTrigger":{},"entryPoint":"checkPaymentStatus"}},"specVersion":"v1alpha1","requiredAPIs":[],"extensions":{},"params":[{"type":"secret","name":"FLOW_API_KEY"},{"type":"secret","name":"FLOW_SECRET_KEY"}]}
[debug] [2025-02-24T23:10:11.980Z] defaultcredentials: writing to file C:\Users\hackerman\AppData\Roaming\firebase\cragyucsgamero_gmail_com_application_default_credentials.json
[debug] [2025-02-24T23:10:11.981Z] Setting GAC to C:\Users\hackerman\AppData\Roaming\firebase\cragyucsgamero_gmail_com_application_default_credentials.json {"metadata":{"emulator":{"name":"functions"},"message":"Setting GAC to C:\\Users\\hackerman\\AppData\\Roaming\\firebase\\cragyucsgamero_gmail_com_application_default_credentials.json"}}
[info] +  functions: Loaded functions definitions from source: createFlowPayment, flowConfirmation, checkPaymentStatus. {"metadata":{"emulator":{"name":"functions"},"message":"Loaded functions definitions from source: createFlowPayment, flowConfirmation, checkPaymentStatus."}}
[info] +  functions[us-central1-createFlowPayment]: http function initialized (http://127.0.0.1:5001/elobooststore/us-central1/createFlowPayment). {"metadata":{"emulator":{"name":"functions"},"message":"\u001b[1mhttp\u001b[22m function initialized (http://127.0.0.1:5001/elobooststore/us-central1/createFlowPayment)."}}
[info] +  functions[us-central1-flowConfirmation]: http function initialized (http://127.0.0.1:5001/elobooststore/us-central1/flowConfirmation). {"metadata":{"emulator":{"name":"functions"},"message":"\u001b[1mhttp\u001b[22m function initialized (http://127.0.0.1:5001/elobooststore/us-central1/flowConfirmation)."}}
[info] +  functions[us-central1-checkPaymentStatus]: http function initialized (http://127.0.0.1:5001/elobooststore/us-central1/checkPaymentStatus). {"metadata":{"emulator":{"name":"functions"},"message":"\u001b[1mhttp\u001b[22m function initialized (http://127.0.0.1:5001/elobooststore/us-central1/checkPaymentStatus)."}}
[debug] [2025-02-24T23:10:11.989Z] Could not find VSCode notification endpoint: FetchError: request to http://localhost:40001/vscode/notify failed, reason: . If you are not running the Firebase Data Connect VSCode extension, this is expected and not an issue.
[info] 
┌─────────────────────────────────────────────────────────────┐
│ ✔  All emulators ready! It is now safe to connect your app. │
│ i  View Emulator UI at http://127.0.0.1:4000/               │
└─────────────────────────────────────────────────────────────┘

┌────────────┬────────────────┬──────────────────────────────────┐
│ Emulator   │ Host:Port      │ View in Emulator UI              │
├────────────┼────────────────┼──────────────────────────────────┤
│ Functions  │ 127.0.0.1:5001 │ http://127.0.0.1:4000/functions  │
├────────────┼────────────────┼──────────────────────────────────┤
│ Extensions │ 127.0.0.1:5001 │ http://127.0.0.1:4000/extensions │
└────────────┴────────────────┴──────────────────────────────────┘
  Emulator Hub running at 127.0.0.1:4400
  Other reserved ports: 4500
┌─────────────────────────┬───────────────┬─────────────────────┐
│ Extension Instance Name │ Extension Ref │ View in Emulator UI │
└─────────────────────────┴───────────────┴─────────────────────┘
Issues? Report them at https://github.com/firebase/firebase-tools/issues and attach the *-debug.log files.
 
[debug] [2025-02-24T23:21:29.557Z] [work-queue] {"queuedWork":["/elobooststore/us-central1/createFlowPayment-2025-02-24T23:21:29.557Z"],"queueLength":1,"runningWork":[],"workRunningCount":0}
[debug] [2025-02-24T23:21:29.557Z] [work-queue] {"queuedWork":[],"queueLength":0,"runningWork":["/elobooststore/us-central1/createFlowPayment-2025-02-24T23:21:29.557Z"],"workRunningCount":1}
[debug] [2025-02-24T23:21:29.558Z] Accepted request OPTIONS /elobooststore/us-central1/createFlowPayment --> us-central1-createFlowPayment
[debug] [2025-02-24T23:21:29.560Z] [functions] Runtime ready! Sending request! {"metadata":{"emulator":{"name":"functions"},"message":"[functions] Runtime ready! Sending request!"}}
[debug] [2025-02-24T23:21:29.561Z] [functions] Got req.url=/elobooststore/us-central1/createFlowPayment, mapping to path=/ {"metadata":{"emulator":{"name":"functions"},"message":"[functions] Got req.url=/elobooststore/us-central1/createFlowPayment, mapping to path=/"}}
[info] i  functions: Trying to access secret FLOW_API_KEY@latest {"metadata":{"emulator":{"name":"functions"},"message":"Trying to access secret FLOW_API_KEY@latest"}}
[debug] [2025-02-24T23:21:29.563Z] Checked if tokens are valid: true, expires at: 1740440674231
[debug] [2025-02-24T23:21:29.563Z] Checked if tokens are valid: true, expires at: 1740440674231
[info] i  functions: Trying to access secret FLOW_SECRET_KEY@latest {"metadata":{"emulator":{"name":"functions"},"message":"Trying to access secret FLOW_SECRET_KEY@latest"}}
[debug] [2025-02-24T23:21:29.563Z] Checked if tokens are valid: true, expires at: 1740440674231
[debug] [2025-02-24T23:21:29.563Z] Checked if tokens are valid: true, expires at: 1740440674231
[debug] [2025-02-24T23:21:29.564Z] >>> [apiv2][query] GET https://secretmanager.googleapis.com/v1/projects/elobooststore/secrets/FLOW_API_KEY/versions/latest:access [none]
[debug] [2025-02-24T23:21:29.565Z] >>> [apiv2][query] GET https://secretmanager.googleapis.com/v1/projects/elobooststore/secrets/FLOW_SECRET_KEY/versions/latest:access [none]
[debug] [2025-02-24T23:21:31.443Z] <<< [apiv2][status] GET https://secretmanager.googleapis.com/v1/projects/elobooststore/secrets/FLOW_API_KEY/versions/latest:access 200
[debug] [2025-02-24T23:21:31.443Z] <<< [apiv2][body] GET https://secretmanager.googleapis.com/v1/projects/elobooststore/secrets/FLOW_API_KEY/versions/latest:access {"name":"projects/658754041291/secrets/FLOW_API_KEY/versions/1","payload":{"data":"ZDRGRTRGNzMwLTI2MTQtNDI5NC1BNkU4LTk4NEMyQzQ0NExFRQ==","dataCrc32c":"1413468109"}}
[debug] [2025-02-24T23:21:31.821Z] <<< [apiv2][status] GET https://secretmanager.googleapis.com/v1/projects/elobooststore/secrets/FLOW_SECRET_KEY/versions/latest:access 200
[debug] [2025-02-24T23:21:31.822Z] <<< [apiv2][body] GET https://secretmanager.googleapis.com/v1/projects/elobooststore/secrets/FLOW_SECRET_KEY/versions/latest:access {"name":"projects/658754041291/secrets/FLOW_SECRET_KEY/versions/1","payload":{"data":"MTFkYWRhOWVkYTJhM2UxY2E5ZmE4MzhhNzlkNjc5MTgwYjJiMzEyMQ==","dataCrc32c":"19474220"}}
[debug] [2025-02-24T23:21:31.829Z] [worker-pool] addWorker(us-central1-createFlowPayment) {"metadata":{"emulator":{"name":"functions"},"message":"[worker-pool] addWorker(us-central1-createFlowPayment)"}}
[debug] [2025-02-24T23:21:31.830Z] [worker-pool] Adding worker with key us-central1-createFlowPayment, total=1 {"metadata":{"emulator":{"name":"functions"},"message":"[worker-pool] Adding worker with key us-central1-createFlowPayment, total=1"}}
[debug] [2025-02-24T23:21:33.598Z] [runtime-status] [6336] Resolved module firebase-admin {"declared":true,"installed":true,"version":"13.1.0","resolution":"C:\\Users\\hackerman\\Documents\\Proyectos\\mi-proyecto\\functions\\node_modules\\firebase-admin\\lib\\index.js"} {"metadata":{"emulator":{"name":"functions"},"function":{"name":"us-central1-createFlowPayment"},"extension":{},"message":"[runtime-status] [6336] Resolved module firebase-admin {\"declared\":true,\"installed\":true,\"version\":\"13.1.0\",\"resolution\":\"C:\\\\Users\\\\hackerman\\\\Documents\\\\Proyectos\\\\mi-proyecto\\\\functions\\\\node_modules\\\\firebase-admin\\\\lib\\\\index.js\"}"}}
[debug] [2025-02-24T23:21:33.599Z] [runtime-status] [6336] Resolved module firebase-functions {"declared":true,"installed":true,"version":"6.3.2","resolution":"C:\\Users\\hackerman\\Documents\\Proyectos\\mi-proyecto\\functions\\node_modules\\firebase-functions\\lib\\v2\\index.js"} {"metadata":{"emulator":{"name":"functions"},"function":{"name":"us-central1-createFlowPayment"},"extension":{},"message":"[runtime-status] [6336] Resolved module firebase-functions {\"declared\":true,\"installed\":true,\"version\":\"6.3.2\",\"resolution\":\"C:\\\\Users\\\\hackerman\\\\Documents\\\\Proyectos\\\\mi-proyecto\\\\functions\\\\node_modules\\\\firebase-functions\\\\lib\\\\v2\\\\index.js\"}"}}
[debug] [2025-02-24T23:21:33.600Z] [runtime-status] [6336] Outgoing network have been stubbed. [{"name":"http","status":"mocked"},{"name":"http","status":"mocked"},{"name":"https","status":"mocked"},{"name":"https","status":"mocked"},{"name":"net","status":"mocked"}] {"metadata":{"emulator":{"name":"functions"},"function":{"name":"us-central1-createFlowPayment"},"extension":{},"message":"[runtime-status] [6336] Outgoing network have been stubbed. [{\"name\":\"http\",\"status\":\"mocked\"},{\"name\":\"http\",\"status\":\"mocked\"},{\"name\":\"https\",\"status\":\"mocked\"},{\"name\":\"https\",\"status\":\"mocked\"},{\"name\":\"net\",\"status\":\"mocked\"}]"}}
[debug] [2025-02-24T23:21:33.601Z] [runtime-status] [6336] Resolved module firebase-functions {"declared":true,"installed":true,"version":"6.3.2","resolution":"C:\\Users\\hackerman\\Documents\\Proyectos\\mi-proyecto\\functions\\node_modules\\firebase-functions\\lib\\v2\\index.js"} {"metadata":{"emulator":{"name":"functions"},"function":{"name":"us-central1-createFlowPayment"},"extension":{},"message":"[runtime-status] [6336] Resolved module firebase-functions {\"declared\":true,\"installed\":true,\"version\":\"6.3.2\",\"resolution\":\"C:\\\\Users\\\\hackerman\\\\Documents\\\\Proyectos\\\\mi-proyecto\\\\functions\\\\node_modules\\\\firebase-functions\\\\lib\\\\v2\\\\index.js\"}"}}
[debug] [2025-02-24T23:21:34.128Z] [runtime-status] [6336] Checked functions.config() {"config":{}} {"metadata":{"emulator":{"name":"functions"},"function":{"name":"us-central1-createFlowPayment"},"extension":{},"message":"[runtime-status] [6336] Checked functions.config() {\"config\":{}}"}}
[debug] [2025-02-24T23:21:34.129Z] [runtime-status] [6336] firebase-functions has been stubbed. {"functionsResolution":{"declared":true,"installed":true,"version":"6.3.2","resolution":"C:\\Users\\hackerman\\Documents\\Proyectos\\mi-proyecto\\functions\\node_modules\\firebase-functions\\lib\\v2\\index.js"}} {"metadata":{"emulator":{"name":"functions"},"function":{"name":"us-central1-createFlowPayment"},"extension":{},"message":"[runtime-status] [6336] firebase-functions has been stubbed. {\"functionsResolution\":{\"declared\":true,\"installed\":true,\"version\":\"6.3.2\",\"resolution\":\"C:\\\\Users\\\\hackerman\\\\Documents\\\\Proyectos\\\\mi-proyecto\\\\functions\\\\node_modules\\\\firebase-functions\\\\lib\\\\v2\\\\index.js\"}}"}}
[debug] [2025-02-24T23:21:34.129Z] [runtime-status] [6336] Resolved module firebase-functions {"declared":true,"installed":true,"version":"6.3.2","resolution":"C:\\Users\\hackerman\\Documents\\Proyectos\\mi-proyecto\\functions\\node_modules\\firebase-functions\\lib\\v2\\index.js"} {"metadata":{"emulator":{"name":"functions"},"function":{"name":"us-central1-createFlowPayment"},"extension":{},"message":"[runtime-status] [6336] Resolved module firebase-functions {\"declared\":true,\"installed\":true,\"version\":\"6.3.2\",\"resolution\":\"C:\\\\Users\\\\hackerman\\\\Documents\\\\Proyectos\\\\mi-proyecto\\\\functions\\\\node_modules\\\\firebase-functions\\\\lib\\\\v2\\\\index.js\"}"}}
[debug] [2025-02-24T23:21:34.136Z] [runtime-status] [6336] Resolved module firebase-admin {"declared":true,"installed":true,"version":"13.1.0","resolution":"C:\\Users\\hackerman\\Documents\\Proyectos\\mi-proyecto\\functions\\node_modules\\firebase-admin\\lib\\index.js"} {"metadata":{"emulator":{"name":"functions"},"function":{"name":"us-central1-createFlowPayment"},"extension":{},"message":"[runtime-status] [6336] Resolved module firebase-admin {\"declared\":true,\"installed\":true,\"version\":\"13.1.0\",\"resolution\":\"C:\\\\Users\\\\hackerman\\\\Documents\\\\Proyectos\\\\mi-proyecto\\\\functions\\\\node_modules\\\\firebase-admin\\\\lib\\\\index.js\"}"}}
[debug] [2025-02-24T23:21:34.139Z] [runtime-status] [6336] Resolved module firebase-functions {"declared":true,"installed":true,"version":"6.3.2","resolution":"C:\\Users\\hackerman\\Documents\\Proyectos\\mi-proyecto\\functions\\node_modules\\firebase-functions\\lib\\v2\\index.js"} {"metadata":{"emulator":{"name":"functions"},"function":{"name":"us-central1-createFlowPayment"},"extension":{},"message":"[runtime-status] [6336] Resolved module firebase-functions {\"declared\":true,\"installed\":true,\"version\":\"6.3.2\",\"resolution\":\"C:\\\\Users\\\\hackerman\\\\Documents\\\\Proyectos\\\\mi-proyecto\\\\functions\\\\node_modules\\\\firebase-functions\\\\lib\\\\v2\\\\index.js\"}"}}
[debug] [2025-02-24T23:21:34.139Z] [runtime-status] [6336] firebase-admin has been stubbed. {"adminResolution":{"declared":true,"installed":true,"version":"13.1.0","resolution":"C:\\Users\\hackerman\\Documents\\Proyectos\\mi-proyecto\\functions\\node_modules\\firebase-admin\\lib\\index.js"}} {"metadata":{"emulator":{"name":"functions"},"function":{"name":"us-central1-createFlowPayment"},"extension":{},"message":"[runtime-status] [6336] firebase-admin has been stubbed. {\"adminResolution\":{\"declared\":true,\"installed\":true,\"version\":\"13.1.0\",\"resolution\":\"C:\\\\Users\\\\hackerman\\\\Documents\\\\Proyectos\\\\mi-proyecto\\\\functions\\\\node_modules\\\\firebase-admin\\\\lib\\\\index.js\"}}"}}
[debug] [2025-02-24T23:21:34.193Z] [runtime-status] [6336] initializeApp(DEFAULT) {"storageBucket":"elobooststore.firebasestorage.app","projectId":"elobooststore"} {"metadata":{"emulator":{"name":"functions"},"function":{"name":"us-central1-createFlowPayment"},"extension":{},"message":"[runtime-status] [6336] initializeApp(DEFAULT) {\"storageBucket\":\"elobooststore.firebasestorage.app\",\"projectId\":\"elobooststore\"}"}}
[warn] !  functions: The Cloud Firestore emulator is not running, so calls to Firestore will affect production. {"metadata":{"emulator":{"name":"functions"},"function":{"name":"us-central1-createFlowPayment"},"extension":{},"message":"The Cloud Firestore emulator is not running, so calls to Firestore will affect production."}}
[debug] [2025-02-24T23:21:34.203Z] [runtime-status] [6336] Functions runtime initialized. {"cwd":"C:\\Users\\hackerman\\Documents\\Proyectos\\mi-proyecto\\functions","node_version":"22.14.0"} {"metadata":{"emulator":{"name":"functions"},"function":{"name":"us-central1-createFlowPayment"},"extension":{},"message":"[runtime-status] [6336] Functions runtime initialized. {\"cwd\":\"C:\\\\Users\\\\hackerman\\\\Documents\\\\Proyectos\\\\mi-proyecto\\\\functions\",\"node_version\":\"22.14.0\"}"}}
[debug] [2025-02-24T23:21:34.203Z] [runtime-status] [6336] Listening to port: \\?\pipe\fire_emu_c7fb5273765f5b01 {"metadata":{"emulator":{"name":"functions"},"function":{"name":"us-central1-createFlowPayment"},"extension":{},"message":"[runtime-status] [6336] Listening to port: \\\\?\\pipe\\fire_emu_c7fb5273765f5b01"}}
[debug] [2025-02-24T23:21:34.230Z] [worker-us-central1-createFlowPayment-605b0f25-4b78-4f99-ad0e-075f12fba2aa]: IDLE {"metadata":{"emulator":{"name":"functions"},"function":{"name":"us-central1-createFlowPayment"},"extension":{},"message":"[worker-us-central1-createFlowPayment-605b0f25-4b78-4f99-ad0e-075f12fba2aa]: IDLE"}}
[debug] [2025-02-24T23:21:34.231Z] [worker-pool] submitRequest(triggerId=us-central1-createFlowPayment) {"metadata":{"emulator":{"name":"functions"},"message":"[worker-pool] submitRequest(triggerId=us-central1-createFlowPayment)"}}
[info] i  functions: Beginning execution of "us-central1-createFlowPayment" {"metadata":{"emulator":{"name":"functions"},"function":{"name":"us-central1-createFlowPayment"},"extension":{},"message":"Beginning execution of \"us-central1-createFlowPayment\""}}
[debug] [2025-02-24T23:21:34.232Z] [worker-us-central1-createFlowPayment-605b0f25-4b78-4f99-ad0e-075f12fba2aa]: BUSY {"metadata":{"emulator":{"name":"functions"},"function":{"name":"us-central1-createFlowPayment"},"extension":{},"message":"[worker-us-central1-createFlowPayment-605b0f25-4b78-4f99-ad0e-075f12fba2aa]: BUSY"}}
[debug] [2025-02-24T23:21:34.236Z] Finishing up request with event=pause {"metadata":{"emulator":{"name":"functions"},"function":{"name":"us-central1-createFlowPayment"},"extension":{},"message":"Finishing up request with event=pause"}}
[info] i  functions: Finished "us-central1-createFlowPayment" in 4.2948ms {"metadata":{"emulator":{"name":"functions"},"function":{"name":"us-central1-createFlowPayment"},"extension":{},"message":"Finished \"us-central1-createFlowPayment\" in 4.2948ms"}}
[debug] [2025-02-24T23:21:34.236Z] [worker-us-central1-createFlowPayment-605b0f25-4b78-4f99-ad0e-075f12fba2aa]: IDLE {"metadata":{"emulator":{"name":"functions"},"function":{"name":"us-central1-createFlowPayment"},"extension":{},"message":"[worker-us-central1-createFlowPayment-605b0f25-4b78-4f99-ad0e-075f12fba2aa]: IDLE"}}
[debug] [2025-02-24T23:21:34.236Z] Finishing up request with event=finish {"metadata":{"emulator":{"name":"functions"},"function":{"name":"us-central1-createFlowPayment"},"extension":{},"message":"Finishing up request with event=finish"}}
[debug] [2025-02-24T23:21:34.236Z] Finishing up request with event=close {"metadata":{"emulator":{"name":"functions"},"function":{"name":"us-central1-createFlowPayment"},"extension":{},"message":"Finishing up request with event=close"}}
[debug] [2025-02-24T23:21:34.237Z] [work-queue] {"queuedWork":[],"queueLength":0,"runningWork":[],"workRunningCount":0}
[debug] [2025-02-24T23:21:35.397Z] [work-queue] {"queuedWork":["/elobooststore/us-central1/createFlowPayment-2025-02-24T23:21:35.397Z"],"queueLength":1,"runningWork":[],"workRunningCount":0}
[debug] [2025-02-24T23:21:35.397Z] [work-queue] {"queuedWork":[],"queueLength":0,"runningWork":["/elobooststore/us-central1/createFlowPayment-2025-02-24T23:21:35.397Z"],"workRunningCount":1}
[debug] [2025-02-24T23:21:35.397Z] Accepted request POST /elobooststore/us-central1/createFlowPayment --> us-central1-createFlowPayment
[debug] [2025-02-24T23:21:35.400Z] [functions] Runtime ready! Sending request! {"metadata":{"emulator":{"name":"functions"},"message":"[functions] Runtime ready! Sending request!"}}
[debug] [2025-02-24T23:21:35.400Z] [functions] Got req.url=/elobooststore/us-central1/createFlowPayment, mapping to path=/ {"metadata":{"emulator":{"name":"functions"},"message":"[functions] Got req.url=/elobooststore/us-central1/createFlowPayment, mapping to path=/"}}
[debug] [2025-02-24T23:21:35.400Z] [worker-pool] submitRequest(triggerId=us-central1-createFlowPayment) {"metadata":{"emulator":{"name":"functions"},"message":"[worker-pool] submitRequest(triggerId=us-central1-createFlowPayment)"}}
[info] i  functions: Beginning execution of "us-central1-createFlowPayment" {"metadata":{"emulator":{"name":"functions"},"function":{"name":"us-central1-createFlowPayment"},"extension":{},"message":"Beginning execution of \"us-central1-createFlowPayment\""}}
[debug] [2025-02-24T23:21:35.401Z] [worker-us-central1-createFlowPayment-605b0f25-4b78-4f99-ad0e-075f12fba2aa]: BUSY {"metadata":{"emulator":{"name":"functions"},"function":{"name":"us-central1-createFlowPayment"},"extension":{},"message":"[worker-us-central1-createFlowPayment-605b0f25-4b78-4f99-ad0e-075f12fba2aa]: BUSY"}}
[info] >  {"verifications":{"app":"MISSING","auth":"VALID"},"logging.googleapis.com/labels":{"firebase-log-type":"callable-request-verification"},"severity":"DEBUG","message":"Callable request verification passed"} {"user":{"verifications":{"app":"MISSING","auth":"VALID"},"logging.googleapis.com/labels":{"firebase-log-type":"callable-request-verification"},"severity":"DEBUG","message":"Callable request verification passed"},"metadata":{"emulator":{"name":"functions"},"function":{"name":"us-central1-createFlowPayment"},"extension":{},"message":"\u001b[90m> \u001b[39m {\"verifications\":{\"app\":\"MISSING\",\"auth\":\"VALID\"},\"logging.googleapis.com/labels\":{\"firebase-log-type\":\"callable-request-verification\"},\"severity\":\"DEBUG\",\"message\":\"Callable request verification passed\"}"}}
[info] >  Error creating Flow payment: TypeError: Cannot read properties of undefined (reading 'serverTimestamp') {"user":"Error creating Flow payment: TypeError: Cannot read properties of undefined (reading 'serverTimestamp')","metadata":{"emulator":{"name":"functions"},"function":{"name":"us-central1-createFlowPayment"},"extension":{},"message":"\u001b[90m> \u001b[39m Error creating Flow payment: TypeError: Cannot read properties of undefined (reading 'serverTimestamp')"}}
[info] >      at C:\Users\hackerman\Documents\Proyectos\mi-proyecto\functions\index.js:37:45 {"user":"    at C:\\Users\\hackerman\\Documents\\Proyectos\\mi-proyecto\\functions\\index.js:37:45","metadata":{"emulator":{"name":"functions"},"function":{"name":"us-central1-createFlowPayment"},"extension":{},"message":"\u001b[90m> \u001b[39m     at C:\\Users\\hackerman\\Documents\\Proyectos\\mi-proyecto\\functions\\index.js:37:45"}}
[info] >      at fixedLen (C:\Users\hackerman\Documents\Proyectos\mi-proyecto\functions\node_modules\firebase-functions\lib\v2\providers\https.js:157:37) {"user":"    at fixedLen (C:\\Users\\hackerman\\Documents\\Proyectos\\mi-proyecto\\functions\\node_modules\\firebase-functions\\lib\\v2\\providers\\https.js:157:37)","metadata":{"emulator":{"name":"functions"},"function":{"name":"us-central1-createFlowPayment"},"extension":{},"message":"\u001b[90m> \u001b[39m     at fixedLen (C:\\Users\\hackerman\\Documents\\Proyectos\\mi-proyecto\\functions\\node_modules\\firebase-functions\\lib\\v2\\providers\\https.js:157:37)"}}
[info] >      at C:\Users\hackerman\Documents\Proyectos\mi-proyecto\functions\node_modules\firebase-functions\lib\common\providers\https.js:544:32 {"user":"    at C:\\Users\\hackerman\\Documents\\Proyectos\\mi-proyecto\\functions\\node_modules\\firebase-functions\\lib\\common\\providers\\https.js:544:32","metadata":{"emulator":{"name":"functions"},"function":{"name":"us-central1-createFlowPayment"},"extension":{},"message":"\u001b[90m> \u001b[39m     at C:\\Users\\hackerman\\Documents\\Proyectos\\mi-proyecto\\functions\\node_modules\\firebase-functions\\lib\\common\\providers\\https.js:544:32"}}
[info] >      at process.processTicksAndRejections (node:internal/process/task_queues:105:5) {"user":"    at process.processTicksAndRejections (node:internal/process/task_queues:105:5)","metadata":{"emulator":{"name":"functions"},"function":{"name":"us-central1-createFlowPayment"},"extension":{},"message":"\u001b[90m> \u001b[39m     at process.processTicksAndRejections (node:internal/process/task_queues:105:5)"}}
[info] >      at async runFunction (C:\Users\hackerman\AppData\Roaming\npm\node_modules\firebase-tools\lib\emulator\functionsEmulatorRuntime.js:506:9) {"user":"    at async runFunction (C:\\Users\\hackerman\\AppData\\Roaming\\npm\\node_modules\\firebase-tools\\lib\\emulator\\functionsEmulatorRuntime.js:506:9)","metadata":{"emulator":{"name":"functions"},"function":{"name":"us-central1-createFlowPayment"},"extension":{},"message":"\u001b[90m> \u001b[39m     at async runFunction (C:\\Users\\hackerman\\AppData\\Roaming\\npm\\node_modules\\firebase-tools\\lib\\emulator\\functionsEmulatorRuntime.js:506:9)"}}
[info] >      at async runHTTPS (C:\Users\hackerman\AppData\Roaming\npm\node_modules\firebase-tools\lib\emulator\functionsEmulatorRuntime.js:531:5) {"user":"    at async runHTTPS (C:\\Users\\hackerman\\AppData\\Roaming\\npm\\node_modules\\firebase-tools\\lib\\emulator\\functionsEmulatorRuntime.js:531:5)","metadata":{"emulator":{"name":"functions"},"function":{"name":"us-central1-createFlowPayment"},"extension":{},"message":"\u001b[90m> \u001b[39m     at async runHTTPS (C:\\Users\\hackerman\\AppData\\Roaming\\npm\\node_modules\\firebase-tools\\lib\\emulator\\functionsEmulatorRuntime.js:531:5)"}}
[info] >      at async C:\Users\hackerman\AppData\Roaming\npm\node_modules\firebase-tools\lib\emulator\functionsEmulatorRuntime.js:694:21 {"user":"    at async C:\\Users\\hackerman\\AppData\\Roaming\\npm\\node_modules\\firebase-tools\\lib\\emulator\\functionsEmulatorRuntime.js:694:21","metadata":{"emulator":{"name":"functions"},"function":{"name":"us-central1-createFlowPayment"},"extension":{},"message":"\u001b[90m> \u001b[39m     at async C:\\Users\\hackerman\\AppData\\Roaming\\npm\\node_modules\\firebase-tools\\lib\\emulator\\functionsEmulatorRuntime.js:694:21"}}
[debug] [2025-02-24T23:21:35.438Z] Finishing up request with event=pause {"metadata":{"emulator":{"name":"functions"},"function":{"name":"us-central1-createFlowPayment"},"extension":{},"message":"Finishing up request with event=pause"}}
[info] i  functions: Finished "us-central1-createFlowPayment" in 37.8647ms {"metadata":{"emulator":{"name":"functions"},"function":{"name":"us-central1-createFlowPayment"},"extension":{},"message":"Finished \"us-central1-createFlowPayment\" in 37.8647ms"}}
[debug] [2025-02-24T23:21:35.439Z] [worker-us-central1-createFlowPayment-605b0f25-4b78-4f99-ad0e-075f12fba2aa]: IDLE {"metadata":{"emulator":{"name":"functions"},"function":{"name":"us-central1-createFlowPayment"},"extension":{},"message":"[worker-us-central1-createFlowPayment-605b0f25-4b78-4f99-ad0e-075f12fba2aa]: IDLE"}}
[debug] [2025-02-24T23:21:35.439Z] Finishing up request with event=finish {"metadata":{"emulator":{"name":"functions"},"function":{"name":"us-central1-createFlowPayment"},"extension":{},"message":"Finishing up request with event=finish"}}
[debug] [2025-02-24T23:21:35.439Z] Finishing up request with event=close {"metadata":{"emulator":{"name":"functions"},"function":{"name":"us-central1-createFlowPayment"},"extension":{},"message":"Finishing up request with event=close"}}
[debug] [2025-02-24T23:21:35.439Z] [work-queue] {"queuedWork":[],"queueLength":0,"runningWork":[],"workRunningCount":0}
[info] >  {"severity":"ERROR","message":"Unhandled error Error: Error al crear el pago con Flow: Cannot read properties of undefined (reading 'serverTimestamp')\n    at C:\\Users\\hackerman\\Documents\\Proyectos\\mi-proyecto\\functions\\index.js:83:11\n    at fixedLen (C:\\Users\\hackerman\\Documents\\Proyectos\\mi-proyecto\\functions\\node_modules\\firebase-functions\\lib\\v2\\providers\\https.js:157:37)\n    at C:\\Users\\hackerman\\Documents\\Proyectos\\mi-proyecto\\functions\\node_modules\\firebase-functions\\lib\\common\\providers\\https.js:544:32\n    at process.processTicksAndRejections (node:internal/process/task_queues:105:5)\n    at async runFunction (C:\\Users\\hackerman\\AppData\\Roaming\\npm\\node_modules\\firebase-tools\\lib\\emulator\\functionsEmulatorRuntime.js:506:9)\n    at async runHTTPS (C:\\Users\\hackerman\\AppData\\Roaming\\npm\\node_modules\\firebase-tools\\lib\\emulator\\functionsEmulatorRuntime.js:531:5)\n    at async C:\\Users\\hackerman\\AppData\\Roaming\\npm\\node_modules\\firebase-tools\\lib\\emulator\\functionsEmulatorRuntime.js:694:21"} {"user":{"severity":"ERROR","message":"Unhandled error Error: Error al crear el pago con Flow: Cannot read properties of undefined (reading 'serverTimestamp')\n    at C:\\Users\\hackerman\\Documents\\Proyectos\\mi-proyecto\\functions\\index.js:83:11\n    at fixedLen (C:\\Users\\hackerman\\Documents\\Proyectos\\mi-proyecto\\functions\\node_modules\\firebase-functions\\lib\\v2\\providers\\https.js:157:37)\n    at C:\\Users\\hackerman\\Documents\\Proyectos\\mi-proyecto\\functions\\node_modules\\firebase-functions\\lib\\common\\providers\\https.js:544:32\n    at process.processTicksAndRejections (node:internal/process/task_queues:105:5)\n    at async runFunction (C:\\Users\\hackerman\\AppData\\Roaming\\npm\\node_modules\\firebase-tools\\lib\\emulator\\functionsEmulatorRuntime.js:506:9)\n    at async runHTTPS (C:\\Users\\hackerman\\AppData\\Roaming\\npm\\node_modules\\firebase-tools\\lib\\emulator\\functionsEmulatorRuntime.js:531:5)\n    at async C:\\Users\\hackerman\\AppData\\Roaming\\npm\\node_modules\\firebase-tools\\lib\\emulator\\functionsEmulatorRuntime.js:694:21"},"metadata":{"emulator":{"name":"functions"},"function":{"name":"us-central1-createFlowPayment"},"extension":{},"message":"\u001b[90m> \u001b[39m {\"severity\":\"ERROR\",\"message\":\"Unhandled error Error: Error al crear el pago con Flow: Cannot read properties of undefined (reading 'serverTimestamp')\\n    at C:\\\\Users\\\\hackerman\\\\Documents\\\\Proyectos\\\\mi-proyecto\\\\functions\\\\index.js:83:11\\n    at fixedLen (C:\\\\Users\\\\hackerman\\\\Documents\\\\Proyectos\\\\mi-proyecto\\\\functions\\\\node_modules\\\\firebase-functions\\\\lib\\\\v2\\\\providers\\\\https.js:157:37)\\n    at C:\\\\Users\\\\hackerman\\\\Documents\\\\Proyectos\\\\mi-proyecto\\\\functions\\\\node_modules\\\\firebase-functions\\\\lib\\\\common\\\\providers\\\\https.js:544:32\\n    at process.processTicksAndRejections (node:internal/process/task_queues:105:5)\\n    at async runFunction (C:\\\\Users\\\\hackerman\\\\AppData\\\\Roaming\\\\npm\\\\node_modules\\\\firebase-tools\\\\lib\\\\emulator\\\\functionsEmulatorRuntime.js:506:9)\\n    at async runHTTPS (C:\\\\Users\\\\hackerman\\\\AppData\\\\Roaming\\\\npm\\\\node_modules\\\\firebase-tools\\\\lib\\\\emulator\\\\functionsEmulatorRuntime.js:531:5)\\n    at async C:\\\\Users\\\\hackerman\\\\AppData\\\\Roaming\\\\npm\\\\node_modules\\\\firebase-tools\\\\lib\\\\emulator\\\\functionsEmulatorRuntime.js:694:21\"}"}}
[debug] [2025-02-25T03:32:31.897Z] [worker-us-central1-createFlowPayment-605b0f25-4b78-4f99-ad0e-075f12fba2aa]: exited {"metadata":{"emulator":{"name":"functions"},"function":{"name":"us-central1-createFlowPayment"},"extension":{},"message":"[worker-us-central1-createFlowPayment-605b0f25-4b78-4f99-ad0e-075f12fba2aa]: exited"}}
